<?xml version="1.0" encoding="UTF-8"?>
<testsuite name="com.eleven.finalweb.FinalwebApplicationTests" tests="1" skipped="0" failures="0" errors="0" timestamp="2024-06-12T10:00:44" hostname="DESKTOP-TRQJ5BC" time="0.389">
  <properties/>
  <testcase name="contextLoads()" classname="com.eleven.finalweb.FinalwebApplicationTests" time="0.389"/>
  <system-out><![CDATA[19:00:41.027 [Test worker] INFO org.springframework.test.context.support.AnnotationConfigContextLoaderUtils -- Could not detect default configuration classes for test class [com.eleven.finalweb.FinalwebApplicationTests]: FinalwebApplicationTests does not declare any static, non-private, non-final, nested classes annotated with @Configuration.
19:00:41.127 [Test worker] INFO org.springframework.boot.test.context.SpringBootTestContextBootstrapper -- Found @SpringBootConfiguration com.eleven.finalweb.FinalwebApplication for test class com.eleven.finalweb.FinalwebApplicationTests

  .   ____          _            __ _ _
 /\\ / ___'_ __ _ _(_)_ __  __ _ \ \ \ \
( ( )\___ | '_ | '_| | '_ \/ _` | \ \ \ \
 \\/  ___)| |_)| | | | | || (_| |  ) ) ) )
  '  |____| .__|_| |_|_| |_\__, | / / / /
 =========|_|==============|___/=/_/_/_/
 :: Spring Boot ::                (v3.2.5)

2024-06-12T19:00:41.557+09:00  INFO 4984 --- [    Test worker] c.e.finalweb.FinalwebApplicationTests    : Starting FinalwebApplicationTests using Java 17.0.10 with PID 4984 (started by YJU in C:\Users\YJU\Documents\GitHub\finalnight_sever)
2024-06-12T19:00:41.565+09:00  INFO 4984 --- [    Test worker] c.e.finalweb.FinalwebApplicationTests    : No active profile set, falling back to 1 default profile: "default"
2024-06-12T19:00:42.180+09:00  INFO 4984 --- [    Test worker] .s.d.r.c.RepositoryConfigurationDelegate : Bootstrapping Spring Data JPA repositories in DEFAULT mode.
2024-06-12T19:00:42.239+09:00  INFO 4984 --- [    Test worker] .s.d.r.c.RepositoryConfigurationDelegate : Finished Spring Data repository scanning in 55 ms. Found 2 JPA repository interfaces.
2024-06-12T19:00:42.640+09:00  INFO 4984 --- [    Test worker] o.hibernate.jpa.internal.util.LogHelper  : HHH000204: Processing PersistenceUnitInfo [name: default]
2024-06-12T19:00:42.714+09:00  INFO 4984 --- [    Test worker] org.hibernate.Version                    : HHH000412: Hibernate ORM core version 6.4.4.Final
2024-06-12T19:00:42.756+09:00  INFO 4984 --- [    Test worker] o.h.c.internal.RegionFactoryInitiator    : HHH000026: Second-level cache disabled
2024-06-12T19:00:43.023+09:00  INFO 4984 --- [    Test worker] o.s.o.j.p.SpringPersistenceUnitInfo      : No LoadTimeWeaver setup: ignoring JPA class transformer
2024-06-12T19:00:43.065+09:00  INFO 4984 --- [    Test worker] com.zaxxer.hikari.HikariDataSource       : HikariPool-1 - Starting...
2024-06-12T19:00:43.141+09:00  INFO 4984 --- [    Test worker] com.zaxxer.hikari.pool.HikariPool        : HikariPool-1 - Added connection org.mariadb.jdbc.Connection@4ccdacf5
2024-06-12T19:00:43.141+09:00  INFO 4984 --- [    Test worker] com.zaxxer.hikari.HikariDataSource       : HikariPool-1 - Start completed.
2024-06-12T19:00:43.167+09:00  WARN 4984 --- [    Test worker] org.hibernate.orm.deprecation            : HHH90000025: MariaDBDialect does not need to be specified explicitly using 'hibernate.dialect' (remove the property setting and it will be selected by default)
2024-06-12T19:00:44.016+09:00  INFO 4984 --- [    Test worker] o.h.e.t.j.p.i.JtaPlatformInitiator       : HHH000489: No JTA platform available (set 'hibernate.transaction.jta.platform' to enable JTA platform integration)
2024-06-12T19:00:44.057+09:00  INFO 4984 --- [    Test worker] j.LocalContainerEntityManagerFactoryBean : Initialized JPA EntityManagerFactory for persistence unit 'default'
2024-06-12T19:00:44.542+09:00  WARN 4984 --- [    Test worker] JpaBaseConfiguration$JpaWebConfiguration : spring.jpa.open-in-view is enabled by default. Therefore, database queries may be performed during view rendering. Explicitly configure spring.jpa.open-in-view to disable this warning
2024-06-12T19:00:44.558+09:00  INFO 4984 --- [    Test worker] o.s.b.a.w.s.WelcomePageHandlerMapping    : Adding welcome page: class path resource [static/index.html]
2024-06-12T19:00:44.789+09:00  WARN 4984 --- [    Test worker] o.thymeleaf.templatemode.TemplateMode    : [THYMELEAF][Test worker] Unknown Template Mode 'HTML5'. Must be one of: 'HTML', 'XML', 'TEXT', 'JAVASCRIPT', 'CSS', 'RAW'. Using default Template Mode 'HTML'.
2024-06-12T19:00:44.884+09:00  INFO 4984 --- [    Test worker] c.e.finalweb.FinalwebApplicationTests    : Started FinalwebApplicationTests in 3.584 seconds (process running for 4.717)
]]></system-out>
  <system-err><![CDATA[]]></system-err>
</testsuite>
